0 info it worked if it ends with ok
1 verbose cli [ '/usr/bin/node', '/usr/bin/npm', 'install', '--global', 'yarn' ]
2 info using npm@3.5.2
3 info using node@v8.10.0
4 silly loadCurrentTree Starting
5 silly install loadCurrentTree
6 silly install readGlobalPackageData
7 silly fetchPackageMetaData yarn
8 silly fetchNamedPackageData yarn
9 silly mapToRegistry name yarn
10 silly mapToRegistry using default registry
11 silly mapToRegistry registry https://registry.npmjs.org/
12 silly mapToRegistry uri https://registry.npmjs.org/yarn
13 verbose request uri https://registry.npmjs.org/yarn
14 verbose request no auth needed
15 info attempt registry request try #1 at 2:50:16 PM
16 verbose request id 7ad1d6f7cbe33ad8
17 http request GET https://registry.npmjs.org/yarn
18 http 200 https://registry.npmjs.org/yarn
19 verbose headers { date: 'Thu, 25 Jun 2020 09:20:21 GMT',
19 verbose headers   'content-type': 'application/json',
19 verbose headers   'transfer-encoding': 'chunked',
19 verbose headers   connection: 'keep-alive',
19 verbose headers   'set-cookie':
19 verbose headers    [ '__cfduid=dbf801d27288cbb7f4c5b6a7c99dc968a1593076821; expires=Sat, 25-Jul-20 09:20:21 GMT; path=/; domain=.npmjs.org; HttpOnly; SameSite=Lax' ],
19 verbose headers   'cf-ray': '5a8d9cb63e9b0000-SIN',
19 verbose headers   age: '6472',
19 verbose headers   'cache-control': 'public, max-age=300',
19 verbose headers   etag: 'W/"c0a433191929f8e6dbb72cdbfa4931f0"',
19 verbose headers   'last-modified': 'Mon, 09 Mar 2020 16:21:11 GMT',
19 verbose headers   vary: 'accept-encoding, accept',
19 verbose headers   'cf-cache-status': 'HIT',
19 verbose headers   'cf-request-id': '038c6045e1000100dfa49a6200000001',
19 verbose headers   'expect-ct': 'max-age=604800, report-uri="https://report-uri.cloudflare.com/cdn-cgi/beacon/expect-ct"',
19 verbose headers   server: 'cloudflare',
19 verbose headers   'content-encoding': 'gzip' }
20 silly get cb [ 200,
20 silly get   { date: 'Thu, 25 Jun 2020 09:20:21 GMT',
20 silly get     'content-type': 'application/json',
20 silly get     'transfer-encoding': 'chunked',
20 silly get     connection: 'keep-alive',
20 silly get     'set-cookie':
20 silly get      [ '__cfduid=dbf801d27288cbb7f4c5b6a7c99dc968a1593076821; expires=Sat, 25-Jul-20 09:20:21 GMT; path=/; domain=.npmjs.org; HttpOnly; SameSite=Lax' ],
20 silly get     'cf-ray': '5a8d9cb63e9b0000-SIN',
20 silly get     age: '6472',
20 silly get     'cache-control': 'public, max-age=300',
20 silly get     etag: 'W/"c0a433191929f8e6dbb72cdbfa4931f0"',
20 silly get     'last-modified': 'Mon, 09 Mar 2020 16:21:11 GMT',
20 silly get     vary: 'accept-encoding, accept',
20 silly get     'cf-cache-status': 'HIT',
20 silly get     'cf-request-id': '038c6045e1000100dfa49a6200000001',
20 silly get     'expect-ct': 'max-age=604800, report-uri="https://report-uri.cloudflare.com/cdn-cgi/beacon/expect-ct"',
20 silly get     server: 'cloudflare',
20 silly get     'content-encoding': 'gzip' } ]
21 verbose get saving yarn to /home/adarsh/.npm/registry.npmjs.org/yarn/.cache.json
22 silly install normalizeTree
23 silly loadCurrentTree Finishing
24 silly loadIdealTree Starting
25 silly install loadIdealTree
26 silly cloneCurrentTree Starting
27 silly install cloneCurrentTreeToIdealTree
28 silly cloneCurrentTree Finishing
29 silly loadShrinkwrap Starting
30 silly install loadShrinkwrap
31 silly loadShrinkwrap Finishing
32 silly loadAllDepsIntoIdealTree Starting
33 silly install loadAllDepsIntoIdealTree
34 silly resolveWithNewModule yarn@1.22.4 checking installable status
35 silly cache add args [ 'yarn', null ]
36 verbose cache add spec yarn
37 silly cache add parsed spec Result {
37 silly cache add   raw: 'yarn',
37 silly cache add   scope: null,
37 silly cache add   name: 'yarn',
37 silly cache add   rawSpec: '',
37 silly cache add   spec: 'latest',
37 silly cache add   type: 'tag' }
38 silly addNamed yarn@latest
39 verbose addNamed "latest" is being treated as a dist-tag for yarn
40 info addNameTag [ 'yarn', 'latest' ]
41 silly mapToRegistry name yarn
42 silly mapToRegistry using default registry
43 silly mapToRegistry registry https://registry.npmjs.org/
44 silly mapToRegistry uri https://registry.npmjs.org/yarn
45 verbose addNameTag registry:https://registry.npmjs.org/yarn not in flight; fetching
46 verbose get https://registry.npmjs.org/yarn not expired, no request
47 silly addNameTag next cb for yarn with tag latest
48 silly addNamed yarn@1.22.4
49 verbose addNamed "1.22.4" is a plain semver version for yarn
50 silly mapToRegistry name yarn
51 silly mapToRegistry using default registry
52 silly mapToRegistry registry https://registry.npmjs.org/
53 silly mapToRegistry uri https://registry.npmjs.org/yarn
54 verbose addRemoteTarball https://registry.npmjs.org/yarn/-/yarn-1.22.4.tgz not in flight; adding
55 verbose addRemoteTarball [ 'https://registry.npmjs.org/yarn/-/yarn-1.22.4.tgz',
55 verbose addRemoteTarball   '01c1197ca5b27f21edc8bc472cd4c8ce0e5a470e' ]
56 info retry fetch attempt 1 at 2:50:17 PM
57 info attempt registry request try #1 at 2:50:17 PM
58 http fetch GET https://registry.npmjs.org/yarn/-/yarn-1.22.4.tgz
59 http fetch 200 https://registry.npmjs.org/yarn/-/yarn-1.22.4.tgz
60 silly fetchAndShaCheck shasum 01c1197ca5b27f21edc8bc472cd4c8ce0e5a470e
61 verbose addTmpTarball /tmp/npm-20010-545dbb52/registry.npmjs.org/yarn/-/yarn-1.22.4.tgz not in flight; adding
62 verbose addTmpTarball already have metadata; skipping unpack for yarn@1.22.4
63 silly cache afterAdd yarn@1.22.4
64 verbose afterAdd /home/adarsh/.npm/yarn/1.22.4/package/package.json not in flight; writing
65 verbose afterAdd /home/adarsh/.npm/yarn/1.22.4/package/package.json written
66 silly loadAllDepsIntoIdealTree Finishing
67 silly idealTree:prePrune lib
67 silly idealTree:prePrune `-- yarn@1.22.4
68 silly loadIdealTree Finishing
69 silly currentTree lib
70 silly idealTree lib
70 silly idealTree `-- yarn@1.22.4
71 silly generateActionsToTake Starting
72 silly install generateActionsToTake
73 warn checkPermissions Missing write access to /usr/local/lib/node_modules
74 silly rollbackFailedOptional Starting
75 silly rollbackFailedOptional Finishing
76 silly runTopLevelLifecycles Starting
77 silly runTopLevelLifecycles Finishing
78 silly install printInstalled
79 verbose stack Error: EACCES: permission denied, access '/usr/local/lib/node_modules'
80 verbose cwd /home/adarsh/Desktop/BookReview
81 error Linux 5.3.0-59-generic
82 error argv "/usr/bin/node" "/usr/bin/npm" "install" "--global" "yarn"
83 error node v8.10.0
84 error npm  v3.5.2
85 error path /usr/local/lib/node_modules
86 error code EACCES
87 error errno -13
88 error syscall access
89 error Error: EACCES: permission denied, access '/usr/local/lib/node_modules'
89 error  { Error: EACCES: permission denied, access '/usr/local/lib/node_modules'
89 error   errno: -13,
89 error   code: 'EACCES',
89 error   syscall: 'access',
89 error   path: '/usr/local/lib/node_modules' }
90 error Please try running this command again as root/Administrator.
91 verbose exit [ -13, true ]
